<?xml version="1.0" encoding="utf-8"?><testsuites><testsuite name="pytest" errors="0" failures="0" skipped="0" tests="0" time="0.849" timestamp="2023-04-05T13:54:32.054389" hostname="Rasels-MacBook-Pro.local" /></testsuites>